[2018-09-12 16:23:21] Текст ошибки: Class 'vendor\core\base\View' not found | Файл: C:\OSPanel\domains\fw\app\views\layouts\default.php, | Строка: 8
==========================
[2018-10-02 13:27:10] Текст ошибки: <p>Не найден вид <b>C:\OSPanel\domains\fw/app/views/User/logout.php</b></p> | Файл: C:\OSPanel\domains\fw\vendor\fw\core\base\View.php, | Строка: 57
==========================
[2018-10-02 13:28:16] Текст ошибки: Страница не найдена | Файл: C:\OSPanel\domains\fw\vendor\fw\core\Router.php, | Строка: 120
==========================
[2018-10-02 14:11:18] Текст ошибки: Use of undefined constant attributes - assumed 'attributes' | Файл: C:\OSPanel\domains\fw\vendor\fw\core\base\Model.php, | Строка: 23
==========================
[2018-10-02 14:11:40] Текст ошибки: Use of undefined constant attributes - assumed 'attributes' | Файл: C:\OSPanel\domains\fw\vendor\fw\core\base\Model.php, | Строка: 23
==========================
[2018-10-04 14:15:10] Текст ошибки: Страница не найдена | Файл: C:\OSPanel\domains\fw\vendor\fw\core\Router.php, | Строка: 120
==========================
[2018-10-11 14:53:36] Текст ошибки: Страница не найдена | Файл: C:\OSPanel\domains\fw\vendor\fw\core\Router.php, | Строка: 120
==========================
[2018-10-11 15:10:38] Текст ошибки: SQLSTATE[23000]: Integrity constraint violation: 1062 Duplicate entry 'user1' for key 'login' | Файл: C:\OSPanel\domains\fw\vendor\fw\libs\rb.php, | Строка: 720
==========================
[2018-10-11 15:27:30] Текст ошибки: Expected array, string given. | Файл: C:\OSPanel\domains\fw\vendor\fw\libs\rb.php, | Строка: 8652
==========================
[2018-10-11 15:27:33] Текст ошибки: Метод <strong>app\controllers\UserController::indexAction</strong> не найден | Файл: C:\OSPanel\domains\fw\vendor\fw\core\Router.php, | Строка: 113
==========================
[2018-10-11 15:28:59] Текст ошибки: Expected array, string given. | Файл: C:\OSPanel\domains\fw\vendor\fw\libs\rb.php, | Строка: 8652
==========================
[2018-10-11 15:33:51] Текст ошибки: Expected array, string given. | Файл: C:\OSPanel\domains\fw\vendor\fw\libs\rb.php, | Строка: 8652
==========================
[2018-10-11 15:34:58] Текст ошибки: Expected array, string given. | Файл: C:\OSPanel\domains\fw\vendor\fw\libs\rb.php, | Строка: 8652
==========================
[2018-10-11 15:35:27] Текст ошибки: Expected array, string given. | Файл: C:\OSPanel\domains\fw\vendor\fw\libs\rb.php, | Строка: 8652
==========================
[2018-10-11 15:40:32] Текст ошибки: Страница не найдена | Файл: C:\OSPanel\domains\fw\vendor\fw\core\Router.php, | Строка: 120
==========================
[2018-10-11 15:40:32] Текст ошибки: Страница не найдена | Файл: C:\OSPanel\domains\fw\vendor\fw\core\Router.php, | Строка: 120
==========================
[2018-10-11 15:41:29] Текст ошибки: Страница не найдена | Файл: C:\OSPanel\domains\fw\vendor\fw\core\Router.php, | Строка: 120
==========================
[2018-10-11 15:41:30] Текст ошибки: Страница не найдена | Файл: C:\OSPanel\domains\fw\vendor\fw\core\Router.php, | Строка: 120
==========================
[2018-10-11 15:41:48] Текст ошибки: Страница не найдена | Файл: C:\OSPanel\domains\fw\vendor\fw\core\Router.php, | Строка: 120
==========================
[2018-10-11 15:41:48] Текст ошибки: Страница не найдена | Файл: C:\OSPanel\domains\fw\vendor\fw\core\Router.php, | Строка: 120
==========================
[2018-10-11 15:41:54] Текст ошибки: Страница не найдена | Файл: C:\OSPanel\domains\fw\vendor\fw\core\Router.php, | Строка: 120
==========================
[2018-10-11 15:41:54] Текст ошибки: Страница не найдена | Файл: C:\OSPanel\domains\fw\vendor\fw\core\Router.php, | Строка: 120
==========================
[2018-10-11 15:44:11] Текст ошибки: Страница не найдена | Файл: C:\OSPanel\domains\fw\vendor\fw\core\Router.php, | Строка: 120
==========================
[2018-10-11 15:44:11] Текст ошибки: Страница не найдена | Файл: C:\OSPanel\domains\fw\vendor\fw\core\Router.php, | Строка: 120
==========================
[2018-10-11 15:48:49] Текст ошибки: Страница не найдена | Файл: C:\OSPanel\domains\fw\vendor\fw\core\Router.php, | Строка: 120
==========================
[2018-10-11 15:48:49] Текст ошибки: Страница не найдена | Файл: C:\OSPanel\domains\fw\vendor\fw\core\Router.php, | Строка: 120
==========================
[2018-10-11 15:50:36] Текст ошибки: Страница не найдена | Файл: C:\OSPanel\domains\fw\vendor\fw\core\Router.php, | Строка: 120
==========================
[2018-10-11 15:50:36] Текст ошибки: Страница не найдена | Файл: C:\OSPanel\domains\fw\vendor\fw\core\Router.php, | Строка: 120
==========================
[2018-10-11 15:51:43] Текст ошибки: Страница не найдена | Файл: C:\OSPanel\domains\fw\vendor\fw\core\Router.php, | Строка: 120
==========================
[2018-10-11 15:51:43] Текст ошибки: Страница не найдена | Файл: C:\OSPanel\domains\fw\vendor\fw\core\Router.php, | Строка: 120
==========================
[2018-10-11 15:54:43] Текст ошибки: Undefined property: fw\core\base\View::$prefix | Файл: C:\OSPanel\domains\fw\vendor\fw\core\base\View.php, | Строка: 48
==========================
[2018-10-11 15:56:01] Текст ошибки: Страница не найдена | Файл: C:\OSPanel\domains\fw\vendor\fw\core\Router.php, | Строка: 120
==========================
[2018-10-11 15:56:01] Текст ошибки: Страница не найдена | Файл: C:\OSPanel\domains\fw\vendor\fw\core\Router.php, | Строка: 120
==========================
[2018-10-11 15:57:06] Текст ошибки: Страница не найдена | Файл: C:\OSPanel\domains\fw\vendor\fw\core\Router.php, | Строка: 120
==========================
[2018-10-11 15:57:07] Текст ошибки: Страница не найдена | Файл: C:\OSPanel\domains\fw\vendor\fw\core\Router.php, | Строка: 120
==========================
[2018-10-16 14:38:28] Текст ошибки: Страница не найдена | Файл: C:\OSPanel\domains\fw\vendor\fw\core\Router.php, | Строка: 120
==========================
[2018-10-16 15:28:52] Текст ошибки: <p>Не найден вид <b>C:\OSPanel\domains\fw/app/views/User/logout.php</b></p> | Файл: C:\OSPanel\domains\fw\vendor\fw\core\base\View.php, | Строка: 60
==========================
[2018-10-16 15:29:11] Текст ошибки: <p>Не найден вид <b>C:\OSPanel\domains\fw/app/views/User/logout.php</b></p> | Файл: C:\OSPanel\domains\fw\vendor\fw\core\base\View.php, | Строка: 60
==========================
[2018-10-18 14:24:19] Текст ошибки: Страница не найдена | Файл: C:\OSPanel\domains\fw\vendor\fw\core\Router.php, | Строка: 120
==========================
[2018-10-18 14:43:46] Текст ошибки: Страница не найдена | Файл: C:\OSPanel\domains\fw\vendor\fw\core\Router.php, | Строка: 120
==========================
[2018-10-18 14:43:46] Текст ошибки: Страница не найдена | Файл: C:\OSPanel\domains\fw\vendor\fw\core\Router.php, | Строка: 120
==========================
[2018-10-18 14:45:05] Текст ошибки: Страница не найдена | Файл: C:\OSPanel\domains\fw\vendor\fw\core\Router.php, | Строка: 120
==========================
[2018-10-18 14:45:06] Текст ошибки: Страница не найдена | Файл: C:\OSPanel\domains\fw\vendor\fw\core\Router.php, | Строка: 120
==========================
[2018-10-18 14:45:56] Текст ошибки: Страница не найдена | Файл: C:\OSPanel\domains\fw\vendor\fw\core\Router.php, | Строка: 120
==========================
[2018-10-18 14:45:56] Текст ошибки: Страница не найдена | Файл: C:\OSPanel\domains\fw\vendor\fw\core\Router.php, | Строка: 120
==========================
[2018-10-18 14:57:40] Текст ошибки: Страница не найдена | Файл: C:\OSPanel\domains\fw\vendor\fw\core\Router.php, | Строка: 120
==========================
[2018-10-18 14:57:40] Текст ошибки: Страница не найдена | Файл: C:\OSPanel\domains\fw\vendor\fw\core\Router.php, | Строка: 120
==========================
[2018-10-18 15:03:13] Текст ошибки: Страница не найдена | Файл: C:\OSPanel\domains\fw\vendor\fw\core\Router.php, | Строка: 120
==========================
[2018-10-18 15:03:13] Текст ошибки: Страница не найдена | Файл: C:\OSPanel\domains\fw\vendor\fw\core\Router.php, | Строка: 120
==========================
[2018-10-23 14:03:26] Текст ошибки: Страница не найдена | Файл: C:\OSPanel\domains\fw\vendor\fw\core\Router.php, | Строка: 120
==========================
[2018-10-23 14:27:42] Текст ошибки: Страница не найдена | Файл: C:\OSPanel\domains\fw\vendor\fw\core\Router.php, | Строка: 120
==========================
[2018-10-23 14:27:42] Текст ошибки: Страница не найдена | Файл: C:\OSPanel\domains\fw\vendor\fw\core\Router.php, | Строка: 120
==========================
[2018-10-23 14:27:54] Текст ошибки: Страница не найдена | Файл: C:\OSPanel\domains\fw\vendor\fw\core\Router.php, | Строка: 120
==========================
[2018-10-23 14:27:54] Текст ошибки: Страница не найдена | Файл: C:\OSPanel\domains\fw\vendor\fw\core\Router.php, | Строка: 120
==========================
[2018-10-23 14:28:17] Текст ошибки: Страница не найдена | Файл: C:\OSPanel\domains\fw\vendor\fw\core\Router.php, | Строка: 120
==========================
[2018-10-23 14:28:18] Текст ошибки: Страница не найдена | Файл: C:\OSPanel\domains\fw\vendor\fw\core\Router.php, | Строка: 120
==========================
[2018-10-23 14:28:19] Текст ошибки: Страница не найдена | Файл: C:\OSPanel\domains\fw\vendor\fw\core\Router.php, | Строка: 120
==========================
[2018-10-23 14:28:19] Текст ошибки: Страница не найдена | Файл: C:\OSPanel\domains\fw\vendor\fw\core\Router.php, | Строка: 120
==========================
[2018-10-23 14:28:24] Текст ошибки: Страница не найдена | Файл: C:\OSPanel\domains\fw\vendor\fw\core\Router.php, | Строка: 120
==========================
[2018-10-23 14:28:24] Текст ошибки: Страница не найдена | Файл: C:\OSPanel\domains\fw\vendor\fw\core\Router.php, | Строка: 120
==========================
[2018-10-23 14:28:27] Текст ошибки: Страница не найдена | Файл: C:\OSPanel\domains\fw\vendor\fw\core\Router.php, | Строка: 120
==========================
[2018-10-23 14:28:27] Текст ошибки: Страница не найдена | Файл: C:\OSPanel\domains\fw\vendor\fw\core\Router.php, | Строка: 120
==========================
[2018-10-23 14:35:42] Текст ошибки: Страница не найдена | Файл: C:\OSPanel\domains\fw\vendor\fw\core\Router.php, | Строка: 120
==========================
[2018-10-23 14:35:42] Текст ошибки: Страница не найдена | Файл: C:\OSPanel\domains\fw\vendor\fw\core\Router.php, | Строка: 120
==========================
[2018-10-23 14:35:45] Текст ошибки: Страница не найдена | Файл: C:\OSPanel\domains\fw\vendor\fw\core\Router.php, | Строка: 120
==========================
[2018-10-23 14:35:45] Текст ошибки: Страница не найдена | Файл: C:\OSPanel\domains\fw\vendor\fw\core\Router.php, | Строка: 120
==========================
[2018-10-23 14:35:52] Текст ошибки: Страница не найдена | Файл: C:\OSPanel\domains\fw\vendor\fw\core\Router.php, | Строка: 120
==========================
[2018-10-23 14:35:52] Текст ошибки: Страница не найдена | Файл: C:\OSPanel\domains\fw\vendor\fw\core\Router.php, | Строка: 120
==========================
[2018-10-23 14:35:55] Текст ошибки: Страница не найдена | Файл: C:\OSPanel\domains\fw\vendor\fw\core\Router.php, | Строка: 120
==========================
[2018-10-23 14:35:55] Текст ошибки: Страница не найдена | Файл: C:\OSPanel\domains\fw\vendor\fw\core\Router.php, | Строка: 120
==========================
[2018-10-23 14:36:01] Текст ошибки: Страница не найдена | Файл: C:\OSPanel\domains\fw\vendor\fw\core\Router.php, | Строка: 120
==========================
[2018-10-23 14:36:01] Текст ошибки: Страница не найдена | Файл: C:\OSPanel\domains\fw\vendor\fw\core\Router.php, | Строка: 120
==========================
[2018-10-23 14:36:08] Текст ошибки: Страница не найдена | Файл: C:\OSPanel\domains\fw\vendor\fw\core\Router.php, | Строка: 120
==========================
[2018-10-23 14:36:08] Текст ошибки: Страница не найдена | Файл: C:\OSPanel\domains\fw\vendor\fw\core\Router.php, | Строка: 120
==========================
[2018-10-23 14:36:13] Текст ошибки: Страница не найдена | Файл: C:\OSPanel\domains\fw\vendor\fw\core\Router.php, | Строка: 120
==========================
[2018-10-23 14:36:13] Текст ошибки: Страница не найдена | Файл: C:\OSPanel\domains\fw\vendor\fw\core\Router.php, | Строка: 120
==========================
[2018-10-23 14:36:16] Текст ошибки: Страница не найдена | Файл: C:\OSPanel\domains\fw\vendor\fw\core\Router.php, | Строка: 120
==========================
[2018-10-23 14:36:16] Текст ошибки: Страница не найдена | Файл: C:\OSPanel\domains\fw\vendor\fw\core\Router.php, | Строка: 120
==========================
[2018-10-23 14:36:19] Текст ошибки: Страница не найдена | Файл: C:\OSPanel\domains\fw\vendor\fw\core\Router.php, | Строка: 120
==========================
[2018-10-23 14:36:19] Текст ошибки: Страница не найдена | Файл: C:\OSPanel\domains\fw\vendor\fw\core\Router.php, | Строка: 120
==========================
[2018-10-23 14:36:24] Текст ошибки: Страница не найдена | Файл: C:\OSPanel\domains\fw\vendor\fw\core\Router.php, | Строка: 120
==========================
[2018-10-23 14:36:24] Текст ошибки: Страница не найдена | Файл: C:\OSPanel\domains\fw\vendor\fw\core\Router.php, | Строка: 120
==========================
[2018-10-23 14:36:27] Текст ошибки: Страница не найдена | Файл: C:\OSPanel\domains\fw\vendor\fw\core\Router.php, | Строка: 120
==========================
[2018-10-23 14:36:27] Текст ошибки: Страница не найдена | Файл: C:\OSPanel\domains\fw\vendor\fw\core\Router.php, | Строка: 120
==========================
[2018-10-23 14:36:35] Текст ошибки: Страница не найдена | Файл: C:\OSPanel\domains\fw\vendor\fw\core\Router.php, | Строка: 120
==========================
[2018-10-23 14:36:35] Текст ошибки: Страница не найдена | Файл: C:\OSPanel\domains\fw\vendor\fw\core\Router.php, | Строка: 120
==========================
[2018-10-23 14:36:41] Текст ошибки: Страница не найдена | Файл: C:\OSPanel\domains\fw\vendor\fw\core\Router.php, | Строка: 120
==========================
[2018-10-23 14:36:42] Текст ошибки: Страница не найдена | Файл: C:\OSPanel\domains\fw\vendor\fw\core\Router.php, | Строка: 120
==========================
[2018-10-23 14:37:15] Текст ошибки: Страница не найдена | Файл: C:\OSPanel\domains\fw\vendor\fw\core\Router.php, | Строка: 120
==========================
[2018-10-23 14:37:15] Текст ошибки: Страница не найдена | Файл: C:\OSPanel\domains\fw\vendor\fw\core\Router.php, | Строка: 120
==========================
[2018-10-23 14:37:20] Текст ошибки: Страница не найдена | Файл: C:\OSPanel\domains\fw\vendor\fw\core\Router.php, | Строка: 120
==========================
[2018-10-23 14:37:21] Текст ошибки: Страница не найдена | Файл: C:\OSPanel\domains\fw\vendor\fw\core\Router.php, | Строка: 120
==========================
[2018-10-23 14:37:22] Текст ошибки: Страница не найдена | Файл: C:\OSPanel\domains\fw\vendor\fw\core\Router.php, | Строка: 120
==========================
[2018-10-23 14:37:22] Текст ошибки: Страница не найдена | Файл: C:\OSPanel\domains\fw\vendor\fw\core\Router.php, | Строка: 120
==========================
[2018-10-23 14:37:24] Текст ошибки: Страница не найдена | Файл: C:\OSPanel\domains\fw\vendor\fw\core\Router.php, | Строка: 120
==========================
[2018-10-23 14:37:24] Текст ошибки: Страница не найдена | Файл: C:\OSPanel\domains\fw\vendor\fw\core\Router.php, | Строка: 120
==========================
[2018-10-23 14:37:29] Текст ошибки: Страница не найдена | Файл: C:\OSPanel\domains\fw\vendor\fw\core\Router.php, | Строка: 120
==========================
[2018-10-23 14:37:29] Текст ошибки: Страница не найдена | Файл: C:\OSPanel\domains\fw\vendor\fw\core\Router.php, | Строка: 120
==========================
[2018-10-23 14:37:31] Текст ошибки: Страница не найдена | Файл: C:\OSPanel\domains\fw\vendor\fw\core\Router.php, | Строка: 120
==========================
[2018-10-23 14:37:31] Текст ошибки: Страница не найдена | Файл: C:\OSPanel\domains\fw\vendor\fw\core\Router.php, | Строка: 120
==========================
[2018-10-23 14:37:33] Текст ошибки: Страница не найдена | Файл: C:\OSPanel\domains\fw\vendor\fw\core\Router.php, | Строка: 120
==========================
[2018-10-23 14:37:33] Текст ошибки: Страница не найдена | Файл: C:\OSPanel\domains\fw\vendor\fw\core\Router.php, | Строка: 120
==========================
[2018-10-23 14:37:35] Текст ошибки: Страница не найдена | Файл: C:\OSPanel\domains\fw\vendor\fw\core\Router.php, | Строка: 120
==========================
[2018-10-23 14:37:35] Текст ошибки: Страница не найдена | Файл: C:\OSPanel\domains\fw\vendor\fw\core\Router.php, | Строка: 120
==========================
[2018-10-23 14:37:37] Текст ошибки: Страница не найдена | Файл: C:\OSPanel\domains\fw\vendor\fw\core\Router.php, | Строка: 120
==========================
[2018-10-23 14:37:37] Текст ошибки: Страница не найдена | Файл: C:\OSPanel\domains\fw\vendor\fw\core\Router.php, | Строка: 120
==========================
[2018-10-23 14:37:39] Текст ошибки: Страница не найдена | Файл: C:\OSPanel\domains\fw\vendor\fw\core\Router.php, | Строка: 120
==========================
[2018-10-23 14:37:39] Текст ошибки: Страница не найдена | Файл: C:\OSPanel\domains\fw\vendor\fw\core\Router.php, | Строка: 120
==========================
[2018-10-23 14:38:06] Текст ошибки: Страница не найдена | Файл: C:\OSPanel\domains\fw\vendor\fw\core\Router.php, | Строка: 120
==========================
[2018-10-23 14:38:07] Текст ошибки: Страница не найдена | Файл: C:\OSPanel\domains\fw\vendor\fw\core\Router.php, | Строка: 120
==========================
[2018-10-23 14:38:08] Текст ошибки: Страница не найдена | Файл: C:\OSPanel\domains\fw\vendor\fw\core\Router.php, | Строка: 120
==========================
[2018-10-23 14:38:08] Текст ошибки: Страница не найдена | Файл: C:\OSPanel\domains\fw\vendor\fw\core\Router.php, | Строка: 120
==========================
[2018-10-23 14:38:38] Текст ошибки: Страница не найдена | Файл: C:\OSPanel\domains\fw\vendor\fw\core\Router.php, | Строка: 120
==========================
[2018-10-23 14:38:38] Текст ошибки: Страница не найдена | Файл: C:\OSPanel\domains\fw\vendor\fw\core\Router.php, | Строка: 120
==========================
[2018-10-23 14:38:43] Текст ошибки: Страница не найдена | Файл: C:\OSPanel\domains\fw\vendor\fw\core\Router.php, | Строка: 120
==========================
[2018-10-23 14:38:43] Текст ошибки: Страница не найдена | Файл: C:\OSPanel\domains\fw\vendor\fw\core\Router.php, | Строка: 120
==========================
[2018-10-23 14:38:47] Текст ошибки: Страница не найдена | Файл: C:\OSPanel\domains\fw\vendor\fw\core\Router.php, | Строка: 120
==========================
[2018-10-23 14:38:47] Текст ошибки: Страница не найдена | Файл: C:\OSPanel\domains\fw\vendor\fw\core\Router.php, | Строка: 120
==========================
[2018-10-23 14:38:51] Текст ошибки: Страница не найдена | Файл: C:\OSPanel\domains\fw\vendor\fw\core\Router.php, | Строка: 120
==========================
[2018-10-23 14:38:51] Текст ошибки: Страница не найдена | Файл: C:\OSPanel\domains\fw\vendor\fw\core\Router.php, | Строка: 120
==========================
[2018-10-23 14:38:53] Текст ошибки: Страница не найдена | Файл: C:\OSPanel\domains\fw\vendor\fw\core\Router.php, | Строка: 120
==========================
[2018-10-23 14:38:53] Текст ошибки: Страница не найдена | Файл: C:\OSPanel\domains\fw\vendor\fw\core\Router.php, | Строка: 120
==========================
[2018-10-23 14:38:57] Текст ошибки: Страница не найдена | Файл: C:\OSPanel\domains\fw\vendor\fw\core\Router.php, | Строка: 120
==========================
[2018-10-23 14:38:57] Текст ошибки: Страница не найдена | Файл: C:\OSPanel\domains\fw\vendor\fw\core\Router.php, | Строка: 120
==========================
[2018-10-23 14:39:01] Текст ошибки: Страница не найдена | Файл: C:\OSPanel\domains\fw\vendor\fw\core\Router.php, | Строка: 120
==========================
[2018-10-23 14:39:01] Текст ошибки: Страница не найдена | Файл: C:\OSPanel\domains\fw\vendor\fw\core\Router.php, | Строка: 120
==========================
[2018-10-23 14:41:29] Текст ошибки: Страница не найдена | Файл: C:\OSPanel\domains\fw\vendor\fw\core\Router.php, | Строка: 120
==========================
[2018-10-23 14:41:29] Текст ошибки: Страница не найдена | Файл: C:\OSPanel\domains\fw\vendor\fw\core\Router.php, | Строка: 120
==========================
[2018-10-23 14:41:31] Текст ошибки: Страница не найдена | Файл: C:\OSPanel\domains\fw\vendor\fw\core\Router.php, | Строка: 120
==========================
[2018-10-23 14:41:31] Текст ошибки: Страница не найдена | Файл: C:\OSPanel\domains\fw\vendor\fw\core\Router.php, | Строка: 120
==========================
[2018-10-23 14:41:33] Текст ошибки: Страница не найдена | Файл: C:\OSPanel\domains\fw\vendor\fw\core\Router.php, | Строка: 120
==========================
[2018-10-23 14:41:34] Текст ошибки: Страница не найдена | Файл: C:\OSPanel\domains\fw\vendor\fw\core\Router.php, | Строка: 120
==========================
[2018-10-23 14:41:36] Текст ошибки: Страница не найдена | Файл: C:\OSPanel\domains\fw\vendor\fw\core\Router.php, | Строка: 120
==========================
[2018-10-23 14:41:36] Текст ошибки: Страница не найдена | Файл: C:\OSPanel\domains\fw\vendor\fw\core\Router.php, | Строка: 120
==========================
[2018-10-23 14:41:37] Текст ошибки: Страница не найдена | Файл: C:\OSPanel\domains\fw\vendor\fw\core\Router.php, | Строка: 120
==========================
[2018-10-23 14:41:37] Текст ошибки: Страница не найдена | Файл: C:\OSPanel\domains\fw\vendor\fw\core\Router.php, | Строка: 120
==========================
[2018-10-23 14:41:38] Текст ошибки: Страница не найдена | Файл: C:\OSPanel\domains\fw\vendor\fw\core\Router.php, | Строка: 120
==========================
[2018-10-23 14:41:39] Текст ошибки: Страница не найдена | Файл: C:\OSPanel\domains\fw\vendor\fw\core\Router.php, | Строка: 120
==========================
[2018-10-23 14:41:43] Текст ошибки: Страница не найдена | Файл: C:\OSPanel\domains\fw\vendor\fw\core\Router.php, | Строка: 120
==========================
[2018-10-23 14:41:43] Текст ошибки: Страница не найдена | Файл: C:\OSPanel\domains\fw\vendor\fw\core\Router.php, | Строка: 120
==========================
[2018-10-23 14:41:45] Текст ошибки: Страница не найдена | Файл: C:\OSPanel\domains\fw\vendor\fw\core\Router.php, | Строка: 120
==========================
[2018-10-23 14:41:46] Текст ошибки: Страница не найдена | Файл: C:\OSPanel\domains\fw\vendor\fw\core\Router.php, | Строка: 120
==========================
[2018-10-25 14:19:00] Текст ошибки: Страница не найдена | Файл: C:\OSPanel\domains\fw\vendor\fw\core\Router.php, | Строка: 120
==========================
[2018-10-25 14:22:07] Текст ошибки: Страница не найдена | Файл: C:\OSPanel\domains\fw\vendor\fw\core\Router.php, | Строка: 120
==========================
[2018-10-25 14:22:07] Текст ошибки: Страница не найдена | Файл: C:\OSPanel\domains\fw\vendor\fw\core\Router.php, | Строка: 120
==========================
[2018-10-25 14:22:07] Текст ошибки: Страница не найдена | Файл: C:\OSPanel\domains\fw\vendor\fw\core\Router.php, | Строка: 120
==========================
[2018-10-25 14:22:07] Текст ошибки: Страница не найдена | Файл: C:\OSPanel\domains\fw\vendor\fw\core\Router.php, | Строка: 120
==========================
[2018-10-25 14:22:07] Текст ошибки: Страница не найдена | Файл: C:\OSPanel\domains\fw\vendor\fw\core\Router.php, | Строка: 120
==========================
[2018-10-25 14:22:07] Текст ошибки: Страница не найдена | Файл: C:\OSPanel\domains\fw\vendor\fw\core\Router.php, | Строка: 120
==========================
[2018-10-25 14:22:07] Текст ошибки: Страница не найдена | Файл: C:\OSPanel\domains\fw\vendor\fw\core\Router.php, | Строка: 120
==========================
[2018-10-25 14:22:07] Текст ошибки: Страница не найдена | Файл: C:\OSPanel\domains\fw\vendor\fw\core\Router.php, | Строка: 120
==========================
[2018-10-25 14:22:07] Текст ошибки: Страница не найдена | Файл: C:\OSPanel\domains\fw\vendor\fw\core\Router.php, | Строка: 120
==========================
[2018-10-25 14:22:07] Текст ошибки: Страница не найдена | Файл: C:\OSPanel\domains\fw\vendor\fw\core\Router.php, | Строка: 120
==========================
[2018-10-25 14:28:29] Текст ошибки: Страница не найдена | Файл: C:\OSPanel\domains\fw\vendor\fw\core\Router.php, | Строка: 120
==========================
[2018-10-25 14:28:33] Текст ошибки: Страница не найдена | Файл: C:\OSPanel\domains\fw\vendor\fw\core\Router.php, | Строка: 120
==========================
[2018-10-25 14:31:28] Текст ошибки: Страница не найдена | Файл: C:\OSPanel\domains\fw\vendor\fw\core\Router.php, | Строка: 120
==========================
[2018-10-25 14:32:37] Текст ошибки: Страница не найдена | Файл: C:\OSPanel\domains\fw\vendor\fw\core\Router.php, | Строка: 120
==========================
[2018-10-25 14:32:47] Текст ошибки: Страница не найдена | Файл: C:\OSPanel\domains\fw\vendor\fw\core\Router.php, | Строка: 120
==========================
[2018-10-25 14:32:48] Текст ошибки: Страница не найдена | Файл: C:\OSPanel\domains\fw\vendor\fw\core\Router.php, | Строка: 120
==========================
[2018-10-25 14:32:50] Текст ошибки: Страница не найдена | Файл: C:\OSPanel\domains\fw\vendor\fw\core\Router.php, | Строка: 120
==========================
[2018-10-25 14:32:51] Текст ошибки: Страница не найдена | Файл: C:\OSPanel\domains\fw\vendor\fw\core\Router.php, | Строка: 120
==========================
[2018-10-25 14:33:32] Текст ошибки: Страница не найдена | Файл: C:\OSPanel\domains\fw\vendor\fw\core\Router.php, | Строка: 120
==========================
[2018-10-25 14:35:03] Текст ошибки: Страница не найдена | Файл: C:\OSPanel\domains\fw\vendor\fw\core\Router.php, | Строка: 120
==========================
[2018-10-25 14:40:04] Текст ошибки: Страница не найдена | Файл: C:\OSPanel\domains\fw\vendor\fw\core\Router.php, | Строка: 120
==========================
[2018-10-25 14:40:25] Текст ошибки: Страница не найдена | Файл: C:\OSPanel\domains\fw\vendor\fw\core\Router.php, | Строка: 120
==========================
[2018-10-25 14:40:30] Текст ошибки: Страница не найдена | Файл: C:\OSPanel\domains\fw\vendor\fw\core\Router.php, | Строка: 120
==========================
[2018-10-25 14:43:50] Текст ошибки: Страница не найдена | Файл: C:\OSPanel\domains\fw\vendor\fw\core\Router.php, | Строка: 120
==========================
[2018-10-25 14:43:58] Текст ошибки: Страница не найдена | Файл: C:\OSPanel\domains\fw\vendor\fw\core\Router.php, | Строка: 120
==========================
[2018-10-25 14:47:13] Текст ошибки: Страница не найдена | Файл: C:\OSPanel\domains\fw\vendor\fw\core\Router.php, | Строка: 120
==========================
[2018-10-25 14:53:15] Текст ошибки: Страница не найдена | Файл: C:\OSPanel\domains\fw\vendor\fw\core\Router.php, | Строка: 120
==========================
[2018-10-25 14:53:34] Текст ошибки: Страница не найдена | Файл: C:\OSPanel\domains\fw\vendor\fw\core\Router.php, | Строка: 120
==========================
[2018-10-25 14:53:37] Текст ошибки: Страница не найдена | Файл: C:\OSPanel\domains\fw\vendor\fw\core\Router.php, | Строка: 120
==========================
[2018-10-25 14:53:49] Текст ошибки: Страница не найдена | Файл: C:\OSPanel\domains\fw\vendor\fw\core\Router.php, | Строка: 120
==========================
[2018-10-25 14:54:24] Текст ошибки: Страница не найдена | Файл: C:\OSPanel\domains\fw\vendor\fw\core\Router.php, | Строка: 120
==========================
[2018-10-25 14:56:07] Текст ошибки: Страница не найдена | Файл: C:\OSPanel\domains\fw\vendor\fw\core\Router.php, | Строка: 120
==========================
[2018-10-25 14:56:11] Текст ошибки: Страница не найдена | Файл: C:\OSPanel\domains\fw\vendor\fw\core\Router.php, | Строка: 120
==========================
[2018-10-25 14:56:14] Текст ошибки: Страница не найдена | Файл: C:\OSPanel\domains\fw\vendor\fw\core\Router.php, | Строка: 120
==========================
[2018-10-25 14:56:42] Текст ошибки: Страница не найдена | Файл: C:\OSPanel\domains\fw\vendor\fw\core\Router.php, | Строка: 120
==========================
[2018-10-25 14:58:14] Текст ошибки: Страница не найдена | Файл: C:\OSPanel\domains\fw\vendor\fw\core\Router.php, | Строка: 120
==========================
[2018-10-25 14:58:19] Текст ошибки: Страница не найдена | Файл: C:\OSPanel\domains\fw\vendor\fw\core\Router.php, | Строка: 120
==========================
[2018-10-25 14:59:45] Текст ошибки: Страница не найдена | Файл: C:\OSPanel\domains\fw\vendor\fw\core\Router.php, | Строка: 120
==========================
[2018-10-25 14:59:57] Текст ошибки: Страница не найдена | Файл: C:\OSPanel\domains\fw\vendor\fw\core\Router.php, | Строка: 120
==========================
[2018-10-25 15:00:01] Текст ошибки: Страница не найдена | Файл: C:\OSPanel\domains\fw\vendor\fw\core\Router.php, | Строка: 120
==========================
[2018-10-30 13:14:31] Текст ошибки: Страница не найдена | Файл: C:\OSPanel\domains\fw\vendor\fw\core\Router.php, | Строка: 120
==========================
[2018-10-30 14:17:11] Текст ошибки: Class 'fw\core\language\Language' not found | Файл: C:\OSPanel\domains\fw\app\controllers\AppController.php, | Строка: 22
==========================
[2018-10-30 14:51:13] Текст ошибки: Страница не найдена | Файл: C:\OSPanel\domains\fw\vendor\fw\core\Router.php, | Строка: 120
==========================
[2018-10-30 14:51:13] Текст ошибки: Страница не найдена | Файл: C:\OSPanel\domains\fw\vendor\fw\core\Router.php, | Строка: 120
==========================
[2018-10-30 14:51:14] Текст ошибки: Страница не найдена | Файл: C:\OSPanel\domains\fw\vendor\fw\core\Router.php, | Строка: 120
==========================
[2018-10-30 14:51:25] Текст ошибки: Страница не найдена | Файл: C:\OSPanel\domains\fw\vendor\fw\core\Router.php, | Строка: 120
==========================
[2018-10-30 14:59:50] Текст ошибки: Undefined index: code | Файл: C:\OSPanel\domains\fw\vendor\fw\widgets\language\lang_tpl.php, | Строка: 8
==========================
[2018-11-06 13:36:41] Текст ошибки: Страница не найдена | Файл: C:\OSPanel\domains\fw\vendor\fw\core\Router.php, | Строка: 120
==========================
[2018-11-06 13:42:20] Текст ошибки: Страница не найдена | Файл: C:\OSPanel\domains\fw\vendor\fw\core\Router.php, | Строка: 120
==========================
[2018-11-06 13:42:22] Текст ошибки: Страница не найдена | Файл: C:\OSPanel\domains\fw\vendor\fw\core\Router.php, | Строка: 120
==========================
[2018-11-06 13:42:22] Текст ошибки: Страница не найдена | Файл: C:\OSPanel\domains\fw\vendor\fw\core\Router.php, | Строка: 120
==========================
[2018-11-06 13:42:30] Текст ошибки: Страница не найдена | Файл: C:\OSPanel\domains\fw\vendor\fw\core\Router.php, | Строка: 120
==========================
[2018-11-06 13:42:30] Текст ошибки: Страница не найдена | Файл: C:\OSPanel\domains\fw\vendor\fw\core\Router.php, | Строка: 120
==========================
[2018-11-06 13:43:21] Текст ошибки: Страница не найдена | Файл: C:\OSPanel\domains\fw\vendor\fw\core\Router.php, | Строка: 120
==========================
[2018-11-06 13:43:21] Текст ошибки: Страница не найдена | Файл: C:\OSPanel\domains\fw\vendor\fw\core\Router.php, | Строка: 120
==========================
[2018-11-06 13:43:23] Текст ошибки: Страница не найдена | Файл: C:\OSPanel\domains\fw\vendor\fw\core\Router.php, | Строка: 120
==========================
[2018-11-06 13:43:23] Текст ошибки: Страница не найдена | Файл: C:\OSPanel\domains\fw\vendor\fw\core\Router.php, | Строка: 120
==========================
[2018-11-06 13:43:23] Текст ошибки: Страница не найдена | Файл: C:\OSPanel\domains\fw\vendor\fw\core\Router.php, | Строка: 120
==========================
[2018-11-06 13:44:19] Текст ошибки: Страница не найдена | Файл: C:\OSPanel\domains\fw\vendor\fw\core\Router.php, | Строка: 120
==========================
[2018-11-06 13:44:19] Текст ошибки: Страница не найдена | Файл: C:\OSPanel\domains\fw\vendor\fw\core\Router.php, | Строка: 120
==========================
[2018-11-06 13:44:20] Текст ошибки: Страница не найдена | Файл: C:\OSPanel\domains\fw\vendor\fw\core\Router.php, | Строка: 120
==========================
[2018-11-06 13:44:50] Текст ошибки: Страница не найдена | Файл: C:\OSPanel\domains\fw\vendor\fw\core\Router.php, | Строка: 120
==========================
[2018-11-06 13:44:50] Текст ошибки: Страница не найдена | Файл: C:\OSPanel\domains\fw\vendor\fw\core\Router.php, | Строка: 120
==========================
[2018-11-06 13:54:35] Текст ошибки: Страница не найдена | Файл: C:\OSPanel\domains\fw\vendor\fw\core\Router.php, | Строка: 120
==========================
[2018-11-06 13:54:46] Текст ошибки: Страница не найдена | Файл: C:\OSPanel\domains\fw\vendor\fw\core\Router.php, | Строка: 120
==========================
[2018-11-06 13:54:46] Текст ошибки: Страница не найдена | Файл: C:\OSPanel\domains\fw\vendor\fw\core\Router.php, | Строка: 120
==========================
[2018-11-06 13:54:51] Текст ошибки: Страница не найдена | Файл: C:\OSPanel\domains\fw\vendor\fw\core\Router.php, | Строка: 120
==========================
[2018-11-06 13:54:51] Текст ошибки: Страница не найдена | Файл: C:\OSPanel\domains\fw\vendor\fw\core\Router.php, | Строка: 120
==========================
[2018-11-06 13:56:41] Текст ошибки: Страница не найдена | Файл: C:\OSPanel\domains\fw\vendor\fw\core\Router.php, | Строка: 120
==========================
[2018-11-06 13:56:41] Текст ошибки: Страница не найдена | Файл: C:\OSPanel\domains\fw\vendor\fw\core\Router.php, | Строка: 120
==========================
[2018-11-06 13:56:44] Текст ошибки: <p>Не найден вид <b>C:\OSPanel\domains\fw/app/views/Language/change.php</b></p> | Файл: C:\OSPanel\domains\fw\vendor\fw\core\base\View.php, | Строка: 70
==========================
[2018-11-06 14:04:02] Текст ошибки: Страница не найдена | Файл: C:\OSPanel\domains\fw\vendor\fw\core\Router.php, | Строка: 120
==========================
[2018-11-06 14:04:02] Текст ошибки: Страница не найдена | Файл: C:\OSPanel\domains\fw\vendor\fw\core\Router.php, | Строка: 120
==========================
[2018-11-06 14:04:28] Текст ошибки: Страница не найдена | Файл: C:\OSPanel\domains\fw\vendor\fw\core\Router.php, | Строка: 120
==========================
[2018-11-06 14:04:28] Текст ошибки: Страница не найдена | Файл: C:\OSPanel\domains\fw\vendor\fw\core\Router.php, | Строка: 120
==========================
[2018-11-06 14:05:06] Текст ошибки: Страница не найдена | Файл: C:\OSPanel\domains\fw\vendor\fw\core\Router.php, | Строка: 120
==========================
[2018-11-06 14:05:07] Текст ошибки: Страница не найдена | Файл: C:\OSPanel\domains\fw\vendor\fw\core\Router.php, | Строка: 120
==========================
[2018-11-06 14:05:14] Текст ошибки: Страница не найдена | Файл: C:\OSPanel\domains\fw\vendor\fw\core\Router.php, | Строка: 120
==========================
[2018-11-06 14:05:14] Текст ошибки: Страница не найдена | Файл: C:\OSPanel\domains\fw\vendor\fw\core\Router.php, | Строка: 120
==========================
[2018-11-06 14:05:33] Текст ошибки: Страница не найдена | Файл: C:\OSPanel\domains\fw\vendor\fw\core\Router.php, | Строка: 120
==========================
[2018-11-06 14:05:33] Текст ошибки: Страница не найдена | Файл: C:\OSPanel\domains\fw\vendor\fw\core\Router.php, | Строка: 120
==========================
[2018-11-08 15:51:18] Текст ошибки: Страница не найдена | Файл: C:\OSPanel\domains\fw\vendor\fw\core\Router.php, | Строка: 120
==========================
[2018-11-08 15:59:35] Текст ошибки: Missing argument 2 for fw\core\base\Lang::load(), called in C:\OSPanel\domains\fw\vendor\fw\core\base\View.php on line 64 and defined | Файл: C:\OSPanel\domains\fw\vendor\fw\core\base\Lang.php, | Строка: 11
==========================
[2018-11-08 16:35:10] Текст ошибки: Array to string conversion | Файл: C:\OSPanel\domains\fw\vendor\fw\core\base\Lang.php, | Строка: 13
==========================
[2018-11-08 16:35:11] Текст ошибки: Array to string conversion | Файл: C:\OSPanel\domains\fw\vendor\fw\core\base\Lang.php, | Строка: 13
==========================
[2018-11-15 15:08:44] Текст ошибки: Страница не найдена | Файл: C:\OSPanel\domains\fw\vendor\fw\core\Router.php, | Строка: 120
==========================
[2018-11-15 15:23:51] Текст ошибки: Страница не найдена | Файл: C:\OSPanel\domains\fw\vendor\fw\core\Router.php, | Строка: 120
==========================
[2022-01-28 14:46:35] Текст ошибки: Could not connect to database (fw). | Файл: C:\OSPanel\domains\vip-transfer.loc\vendor\fw\libs\rb.php, | Строка: 858
==========================
[2022-01-28 14:46:35] Текст ошибки: Страница не найдена | Файл: C:\OSPanel\domains\vip-transfer.loc\vendor\fw\core\Router.php, | Строка: 120
==========================
[2022-01-28 14:47:27] Текст ошибки: compact(): Undefined variable: title | Файл: C:\OSPanel\domains\vip-transfer.loc\app\controllers\MainController.php, | Строка: 43
==========================
[2022-01-28 15:02:50] Текст ошибки: <p>Не найден шаблон <b>C:\OSPanel\domains\vip-transfer.loc/app/views/layouts/vip-tranfer.php</b></p> | Файл: C:\OSPanel\domains\vip-transfer.loc\vendor\fw\core\base\View.php, | Строка: 91
==========================
[2022-01-28 15:03:26] Текст ошибки: Страница не найдена | Файл: C:\OSPanel\domains\vip-transfer.loc\vendor\fw\core\Router.php, | Строка: 120
==========================
[2022-01-28 15:03:51] Текст ошибки: Страница не найдена | Файл: C:\OSPanel\domains\vip-transfer.loc\vendor\fw\core\Router.php, | Строка: 120
==========================
[2022-01-28 15:04:36] Текст ошибки: Страница не найдена | Файл: C:\OSPanel\domains\vip-transfer.loc\vendor\fw\core\Router.php, | Строка: 120
==========================
[2022-01-28 15:24:34] Текст ошибки: Undefined property: fw\core\base\View::$languages | Файл: C:\OSPanel\domains\vip-transfer.loc\app\views\layouts\vip-transfer.php, | Строка: 90
==========================
[2022-01-28 15:24:38] Текст ошибки: Undefined property: fw\core\base\View::$languages | Файл: C:\OSPanel\domains\vip-transfer.loc\app\views\layouts\vip-transfer.php, | Строка: 90
==========================
[2022-01-28 15:24:54] Текст ошибки: Undefined property: fw\core\base\View::$languages | Файл: C:\OSPanel\domains\vip-transfer.loc\app\views\layouts\vip-transfer.php, | Строка: 90
==========================
[2022-01-28 15:25:31] Текст ошибки: Undefined property: fw\core\base\View::$languages | Файл: C:\OSPanel\domains\vip-transfer.loc\app\views\layouts\vip-transfer.php, | Строка: 90
==========================
[2022-01-28 15:50:13] Текст ошибки: Страница не найдена | Файл: C:\OSPanel\domains\vip-transfer.loc\vendor\fw\core\Router.php, | Строка: 120
==========================
[2022-01-28 16:07:52] Текст ошибки: Страница не найдена | Файл: C:\OSPanel\domains\vip-transfer.loc\vendor\fw\core\Router.php, | Строка: 120
==========================
[2022-01-28 16:52:24] Текст ошибки: SQLSTATE[42S02]: Base table or view not found: 1146 Table 'fw.fahtzeuge' doesn't exist | Файл: C:\OSPanel\domains\vip-transfer.loc\vendor\fw\libs\rb.php, | Строка: 720
==========================
[2022-01-28 16:52:24] Текст ошибки: Страница не найдена | Файл: C:\OSPanel\domains\vip-transfer.loc\vendor\fw\core\Router.php, | Строка: 120
==========================
[2022-01-28 16:53:35] Текст ошибки: Undefined variable: cats | Файл: C:\OSPanel\domains\vip-transfer.loc\app\views\Main\index.php, | Строка: 94
==========================
[2022-01-28 16:53:44] Текст ошибки: Страница не найдена | Файл: C:\OSPanel\domains\vip-transfer.loc\vendor\fw\core\Router.php, | Строка: 120
==========================
[2022-01-28 16:54:02] Текст ошибки: Страница не найдена | Файл: C:\OSPanel\domains\vip-transfer.loc\vendor\fw\core\Router.php, | Строка: 120
==========================
[2022-01-28 16:56:59] Текст ошибки: Страница не найдена | Файл: C:\OSPanel\domains\vip-transfer.loc\vendor\fw\core\Router.php, | Строка: 120
==========================
[2022-01-28 17:42:08] Текст ошибки: Страница не найдена | Файл: C:\OSPanel\domains\vip-transfer.loc\vendor\fw\core\Router.php, | Строка: 120
==========================
[2022-01-28 17:52:52] Текст ошибки: Страница не найдена | Файл: C:\OSPanel\domains\vip-transfer.loc\vendor\fw\core\Router.php, | Строка: 120
==========================
[2022-01-28 17:53:12] Текст ошибки: Страница не найдена | Файл: C:\OSPanel\domains\vip-transfer.loc\vendor\fw\core\Router.php, | Строка: 120
==========================
[2022-01-28 17:54:14] Текст ошибки: Страница не найдена | Файл: C:\OSPanel\domains\vip-transfer.loc\vendor\fw\core\Router.php, | Строка: 120
==========================
[2022-01-28 17:54:17] Текст ошибки: Страница не найдена | Файл: C:\OSPanel\domains\vip-transfer.loc\vendor\fw\core\Router.php, | Строка: 120
==========================
[2022-01-28 17:54:33] Текст ошибки: Страница не найдена | Файл: C:\OSPanel\domains\vip-transfer.loc\vendor\fw\core\Router.php, | Строка: 120
==========================
[2022-01-28 17:54:37] Текст ошибки: Страница не найдена | Файл: C:\OSPanel\domains\vip-transfer.loc\vendor\fw\core\Router.php, | Строка: 120
==========================
[2022-01-28 17:54:50] Текст ошибки: Страница не найдена | Файл: C:\OSPanel\domains\vip-transfer.loc\vendor\fw\core\Router.php, | Строка: 120
==========================
[2022-01-28 17:54:54] Текст ошибки: Страница не найдена | Файл: C:\OSPanel\domains\vip-transfer.loc\vendor\fw\core\Router.php, | Строка: 120
==========================
[2022-01-28 17:54:58] Текст ошибки: Страница не найдена | Файл: C:\OSPanel\domains\vip-transfer.loc\vendor\fw\core\Router.php, | Строка: 120
==========================
[2022-01-28 18:18:36] Текст ошибки: <p>Не найден вид <b>C:\OSPanel\domains\vip-transfer.loc/app/views/Main/contact.php</b></p> | Файл: C:\OSPanel\domains\vip-transfer.loc\vendor\fw\core\base\View.php, | Строка: 73
==========================
[2022-01-28 18:18:38] Текст ошибки: <p>Не найден вид <b>C:\OSPanel\domains\vip-transfer.loc/app/views/Main/contact.php</b></p> | Файл: C:\OSPanel\domains\vip-transfer.loc\vendor\fw\core\base\View.php, | Строка: 73
==========================
[2022-01-28 18:19:33] Текст ошибки: <p>Не найден вид <b>C:\OSPanel\domains\vip-transfer.loc/app/views/Main/contact.php</b></p> | Файл: C:\OSPanel\domains\vip-transfer.loc\vendor\fw\core\base\View.php, | Строка: 73
==========================
[2022-01-28 18:19:33] Текст ошибки: Страница не найдена | Файл: C:\OSPanel\domains\vip-transfer.loc\vendor\fw\core\Router.php, | Строка: 120
==========================
[2022-01-28 18:20:12] Текст ошибки: <p>Не найден вид <b>C:\OSPanel\domains\vip-transfer.loc/app/views/Main/contact.php</b></p> | Файл: C:\OSPanel\domains\vip-transfer.loc\vendor\fw\core\base\View.php, | Строка: 73
==========================
[2022-01-28 18:20:18] Текст ошибки: <p>Не найден вид <b>C:\OSPanel\domains\vip-transfer.loc/app/views/Main/contact.php</b></p> | Файл: C:\OSPanel\domains\vip-transfer.loc\vendor\fw\core\base\View.php, | Строка: 73
==========================
[2022-01-28 18:20:33] Текст ошибки: <p>Не найден вид <b>C:\OSPanel\domains\vip-transfer.loc/app/views/Main/contact.php</b></p> | Файл: C:\OSPanel\domains\vip-transfer.loc\vendor\fw\core\base\View.php, | Строка: 73
==========================
[2022-01-28 18:20:33] Текст ошибки: Страница не найдена | Файл: C:\OSPanel\domains\vip-transfer.loc\vendor\fw\core\Router.php, | Строка: 120
==========================
[2022-01-28 18:21:25] Текст ошибки: <p>Не найден вид <b>C:\OSPanel\domains\vip-transfer.loc/app/views/Main/contact.php</b></p> | Файл: C:\OSPanel\domains\vip-transfer.loc\vendor\fw\core\base\View.php, | Строка: 73
==========================
[2022-01-28 18:25:05] Текст ошибки: <p>Не найден вид <b>C:\OSPanel\domains\vip-transfer.loc/app/views/Main/contact.php</b></p> | Файл: C:\OSPanel\domains\vip-transfer.loc\vendor\fw\core\base\View.php, | Строка: 73
==========================
[2022-01-28 18:26:35] Текст ошибки: <p>Не найден вид <b>C:\OSPanel\domains\vip-transfer.loc/app/views/Main/contact.php</b></p> | Файл: C:\OSPanel\domains\vip-transfer.loc\vendor\fw\core\base\View.php, | Строка: 73
==========================
[2022-01-28 22:23:58] Текст ошибки: Страница не найдена | Файл: C:\OSPanel\domains\vip-transfer.loc\vendor\fw\core\Router.php, | Строка: 120
==========================
